生成启动时间为 2019/6/2 21:17:42。
     1>项目“C:\Users\任蕾\documents\visual studio 2010\Projects\contrlU\contrlU\contrlU.vcxproj”在节点 2 上(build 个目标)。
     1>InitializeBuildStatus:
         正在创建“Debug\contrlU.unsuccessfulbuild”，因为已指定“AlwaysCreate”。
       ClCompile:
         所有输出均为最新。
         C:\Program Files (x86)\Microsoft Visual Studio 10.0\VC\bin\CL.exe /c /ZI /nologo /W3 /WX- /Od /Oy- /D WIN32 /D _WINDOWS /D _DEBUG /D _UNICODE /D UNICODE /D _AFXDLL /Gm /EHsc /RTC1 /MDd /GS /fp:precise /Zc:wchar_t /Zc:forScope /Yu"StdAfx.h" /Fp"Debug\contrlU.pch" /Fo"Debug\\" /Fd"Debug\vc100.pdb" /Gd /TP /analyze- /errorReport:prompt contrlUDoc.cpp
         contrlUDoc.cpp
       ResourceCompile:
         所有输出均为最新。
       ManifestResourceCompile:
         所有输出均为最新。
       Link:
         C:\Program Files (x86)\Microsoft Visual Studio 10.0\VC\bin\link.exe /ERRORREPORT:PROMPT /OUT:"C:\Users\任蕾\documents\visual studio 2010\Projects\contrlU\Debug\contrlU.exe" /INCREMENTAL /NOLOGO /MANIFEST /ManifestFile:"Debug\contrlU.exe.intermediate.manifest" /MANIFESTUAC:"level='asInvoker' uiAccess='false'" /DEBUG /PDB:"C:\Users\任蕾\documents\visual studio 2010\Projects\contrlU\Debug\contrlU.pdb" /SUBSYSTEM:WINDOWS /TLBID:1 /ENTRY:"wWinMainCRTStartup" /DYNAMICBASE /NXCOMPAT /IMPLIB:"C:\Users\任蕾\documents\visual studio 2010\Projects\contrlU\Debug\contrlU.lib" /MACHINE:X86 Debug\contrlU.res
         Debug\contrlU.exe.embed.manifest.res
         Debug\contrlU.obj
         Debug\contrlUDoc.obj
         Debug\contrlUView.obj
         Debug\MainFrm.obj
         Debug\MesDLG.obj
         Debug\stdafx.obj
       Manifest:
         C:\Program Files (x86)\Microsoft SDKs\Windows\v7.0A\bin\mt.exe /nologo /verbose /out:"Debug\contrlU.exe.embed.manifest" /manifest Debug\contrlU.exe.intermediate.manifest "C:\Program Files (x86)\Microsoft Visual Studio 10.0\VC\Include\Manifest\dpiaware.manifest"
         所有输出均为最新。
       LinkEmbedManifest:
         所有输出均为最新。
         contrlU.vcxproj -> C:\Users\任蕾\documents\visual studio 2010\Projects\contrlU\Debug\contrlU.exe
       FinalizeBuildStatus:
         正在删除文件“Debug\contrlU.unsuccessfulbuild”。
         正在对“Debug\contrlU.lastbuildstate”执行 Touch 任务。
     1>已完成生成项目“C:\Users\任蕾\documents\visual studio 2010\Projects\contrlU\contrlU\contrlU.vcxproj”(build 个目标)的操作。

生成成功。

已用时间 00:00:01.01
