生成启动时间为 2019/6/3 15:10:20。
     1>项目“C:\Users\任蕾\Documents\Visual Studio 2010\Projects\mouse_kbmes\mouse_kbmes\mouse_kbmes.vcxproj”在节点 2 上(build 个目标)。
     1>InitializeBuildStatus:
         正在创建“Debug\mouse_kbmes.unsuccessfulbuild”，因为已指定“AlwaysCreate”。
       ClCompile:
         所有输出均为最新。
         C:\Program Files (x86)\Microsoft Visual Studio 10.0\VC\bin\CL.exe /c /ZI /nologo /W3 /WX- /Od /Oy- /D WIN32 /D _WINDOWS /D _DEBUG /D _UNICODE /D UNICODE /D _AFXDLL /Gm /EHsc /RTC1 /MDd /GS /fp:precise /Zc:wchar_t /Zc:forScope /Yu"StdAfx.h" /Fp"Debug\mouse_kbmes.pch" /Fo"Debug\\" /Fd"Debug\vc100.pdb" /Gd /TP /analyze- /errorReport:prompt mouse_kbmes.cpp mouse_kbmesView.cpp
         mouse_kbmes.cpp
         正在生成代码...
         正在跳过...(未检测到相关更改)
         mouse_kbmesView.cpp
       ResourceCompile:
         所有输出均为最新。
       ManifestResourceCompile:
         所有输出均为最新。
       Link:
         C:\Program Files (x86)\Microsoft Visual Studio 10.0\VC\bin\link.exe /ERRORREPORT:PROMPT /OUT:"C:\Users\任蕾\Documents\Visual Studio 2010\Projects\mouse_kbmes\Debug\mouse_kbmes.exe" /INCREMENTAL /NOLOGO /MANIFEST /ManifestFile:"Debug\mouse_kbmes.exe.intermediate.manifest" /MANIFESTUAC:"level='asInvoker' uiAccess='false'" /DEBUG /PDB:"C:\Users\任蕾\Documents\Visual Studio 2010\Projects\mouse_kbmes\Debug\mouse_kbmes.pdb" /SUBSYSTEM:WINDOWS /TLBID:1 /ENTRY:"wWinMainCRTStartup" /DYNAMICBASE /NXCOMPAT /IMPLIB:"C:\Users\任蕾\Documents\Visual Studio 2010\Projects\mouse_kbmes\Debug\mouse_kbmes.lib" /MACHINE:X86 Debug\mouse_kbmes.res
         Debug\mouse_kbmes.exe.embed.manifest.res
         Debug\ChildFrm.obj
         Debug\MainFrm.obj
         Debug\mouse_kbmes.obj
         Debug\mouse_kbmesDoc.obj
         Debug\mouse_kbmesView.obj
         Debug\stdafx.obj
       Manifest:
         C:\Program Files (x86)\Microsoft SDKs\Windows\v7.0A\bin\mt.exe /nologo /verbose /out:"Debug\mouse_kbmes.exe.embed.manifest" /manifest Debug\mouse_kbmes.exe.intermediate.manifest "C:\Program Files (x86)\Microsoft Visual Studio 10.0\VC\Include\Manifest\dpiaware.manifest"
         所有输出均为最新。
       LinkEmbedManifest:
         所有输出均为最新。
         mouse_kbmes.vcxproj -> C:\Users\任蕾\Documents\Visual Studio 2010\Projects\mouse_kbmes\Debug\mouse_kbmes.exe
       FinalizeBuildStatus:
         正在删除文件“Debug\mouse_kbmes.unsuccessfulbuild”。
         正在对“Debug\mouse_kbmes.lastbuildstate”执行 Touch 任务。
     1>已完成生成项目“C:\Users\任蕾\Documents\Visual Studio 2010\Projects\mouse_kbmes\mouse_kbmes\mouse_kbmes.vcxproj”(build 个目标)的操作。

生成成功。

已用时间 00:00:01.80
