生成启动时间为 2019/4/23 20:58:09。
     1>项目“C:\Users\任蕾\documents\visual studio 2010\Projects\teEdit\teEdit\teEdit.vcxproj”在节点 2 上(build 个目标)。
     1>InitializeBuildStatus:
         正在创建“Debug\teEdit.unsuccessfulbuild”，因为已指定“AlwaysCreate”。
       ClCompile:
         所有输出均为最新。
         C:\Program Files (x86)\Microsoft Visual Studio 10.0\VC\bin\CL.exe /c /ZI /nologo /W3 /WX- /Od /Oy- /D WIN32 /D _WINDOWS /D _DEBUG /D _UNICODE /D UNICODE /D _AFXDLL /Gm /EHsc /RTC1 /MDd /GS /fp:precise /Zc:wchar_t /Zc:forScope /Yu"StdAfx.h" /Fp"Debug\teEdit.pch" /Fo"Debug\\" /Fd"Debug\vc100.pdb" /Gd /TP /analyze- /errorReport:prompt teEdit.cpp teEditView.cpp
         teEditView.cpp
         正在生成代码...
         正在跳过...(未检测到相关更改)
         teEdit.cpp
       ResourceCompile:
         C:\Program Files (x86)\Microsoft SDKs\Windows\v7.0A\bin\rc.exe /D _DEBUG /D _UNICODE /D UNICODE /D _AFXDLL /l"0x0804" /IDebug\ /nologo /fo"Debug\teEdit.res" teEdit.rc 
       ManifestResourceCompile:
         所有输出均为最新。
       Link:
         C:\Program Files (x86)\Microsoft Visual Studio 10.0\VC\bin\link.exe /ERRORREPORT:PROMPT /OUT:"C:\Users\任蕾\documents\visual studio 2010\Projects\teEdit\Debug\teEdit.exe" /INCREMENTAL /NOLOGO /MANIFEST /ManifestFile:"Debug\teEdit.exe.intermediate.manifest" /MANIFESTUAC:"level='asInvoker' uiAccess='false'" /DEBUG /PDB:"C:\Users\任蕾\documents\visual studio 2010\Projects\teEdit\Debug\teEdit.pdb" /SUBSYSTEM:WINDOWS /TLBID:1 /ENTRY:"wWinMainCRTStartup" /DYNAMICBASE /NXCOMPAT /IMPLIB:"C:\Users\任蕾\documents\visual studio 2010\Projects\teEdit\Debug\teEdit.lib" /MACHINE:X86 Debug\teEdit.res
         Debug\teEdit.exe.embed.manifest.res
         Debug\dlgEdit.obj
         Debug\MainFrm.obj
         Debug\stdafx.obj
         Debug\teEdit.obj
         Debug\teEditDoc.obj
         Debug\teEditView.obj
       Manifest:
         C:\Program Files (x86)\Microsoft SDKs\Windows\v7.0A\bin\mt.exe /nologo /verbose /out:"Debug\teEdit.exe.embed.manifest" /manifest Debug\teEdit.exe.intermediate.manifest "C:\Program Files (x86)\Microsoft Visual Studio 10.0\VC\Include\Manifest\dpiaware.manifest"
         所有输出均为最新。
       LinkEmbedManifest:
         所有输出均为最新。
         teEdit.vcxproj -> C:\Users\任蕾\documents\visual studio 2010\Projects\teEdit\Debug\teEdit.exe
       FinalizeBuildStatus:
         正在删除文件“Debug\teEdit.unsuccessfulbuild”。
         正在对“Debug\teEdit.lastbuildstate”执行 Touch 任务。
     1>已完成生成项目“C:\Users\任蕾\documents\visual studio 2010\Projects\teEdit\teEdit\teEdit.vcxproj”(build 个目标)的操作。

生成成功。

已用时间 00:00:01.92
